<?xml version="1.0" encoding="UTF-8"?>
<testsuite name="com.ceiba.web.VehiculoServiceImplTest" tests="1" skipped="0" failures="0" errors="0" timestamp="2018-01-24T19:58:52" hostname="DAVID-SANDOVAL" time="0.071">
  <properties/>
  <testcase name="notifyTest" classname="com.ceiba.web.VehiculoServiceImplTest" time="0.071"/>
  <system-out><![CDATA[14:58:52.684 [Test worker] ERROR com.ceiba.web.VehiculoServiceImpl - Fallo al guardar el registro del vehiculo
14:58:52.698 [Test worker] INFO com.ceiba.web.VehiculoServiceImpl - Vehiculo guardado correctamente
]]></system-out>
  <system-err><![CDATA[]]></system-err>
</testsuite>
